============================= test session starts ==============================
tests/test_module_0.py::test_case_0 PASSED [ 0%]
tests/test_module_1.py::test_case_1 PASSED [ 0%]
tests/test_module_2.py::test_case_2 PASSED [ 0%]
tests/test_module_3.py::test_case_3 PASSED [ 0%]
tests/test_module_4.py::test_case_4 PASSED [ 0%]
tests/test_module_5.py::test_case_5 PASSED [ 0%]
tests/test_module_6.py::test_case_6 PASSED [ 0%]
tests/test_module_7.py::test_case_7 PASSED [ 1%]
tests/test_module_8.py::test_case_8 PASSED [ 1%]
tests/test_module_9.py::test_case_9 PASSED [ 1%]
tests/test_module_10.py::test_case_10 PASSED [ 1%]
tests/test_module_11.py::test_case_11 PASSED [ 1%]
tests/test_module_12.py::test_case_12 PASSED [ 1%]
tests/test_module_13.py::test_case_13 PASSED [ 2%]
tests/test_module_14.py::test_case_14 PASSED [ 2%]
tests/test_module_15.py::test_case_15 PASSED [ 2%]
tests/test_module_16.py::test_case_16 PASSED [ 2%]
tests/test_module_17.py::test_case_17 PASSED [ 2%]
tests/test_module_18.py::test_case_18 PASSED [ 2%]
tests/test_module_19.py::test_case_19 PASSED [ 2%]
tests/test_module_0.py::test_case_20 PASSED [ 3%]
tests/test_module_1.py::test_case_21 PASSED [ 3%]
tests/test_module_2.py::test_case_22 PASSED [ 3%]
tests/test_module_3.py::test_case_23 PASSED [ 3%]
tests/test_module_4.py::test_case_24 PASSED [ 3%]
tests/test_module_5.py::test_case_25 PASSED [ 3%]
tests/test_module_6.py::test_case_26 PASSED [ 4%]
tests/test_module_7.py::test_case_27 PASSED [ 4%]
tests/test_module_8.py::test_case_28 PASSED [ 4%]
tests/test_module_9.py::test_case_29 PASSED [ 4%]
tests/test_module_10.py::test_case_30 PASSED [ 4%]
tests/test_module_11.py::test_case_31 PASSED [ 4%]
tests/test_module_12.py::test_case_32 PASSED [ 5%]
tests/test_module_13.py::test_case_33 PASSED [ 5%]
tests/test_module_14.py::test_case_34 PASSED [ 5%]
tests/test_module_15.py::test_case_35 PASSED [ 5%]
tests/test_module_16.py::test_case_36 PASSED [ 5%]
tests/test_module_17.py::test_case_37 PASSED [ 5%]
tests/test_module_18.py::test_case_38 PASSED [ 5%]
tests/test_module_19.py::test_case_39 PASSED [ 6%]
tests/test_module_0.py::test_case_40 PASSED [ 6%]
tests/test_module_1.py::test_case_41 PASSED [ 6%]
tests/test_module_2.py::test_case_42 PASSED [ 6%]
tests/test_module_3.py::test_case_43 PASSED [ 6%]
tests/test_module_4.py::test_case_44 PASSED [ 6%]
tests/test_module_5.py::test_case_45 PASSED [ 7%]
tests/test_module_6.py::test_case_46 PASSED [ 7%]
tests/test_module_7.py::test_case_47 PASSED [ 7%]
tests/test_module_8.py::test_case_48 PASSED [ 7%]
tests/test_module_9.py::test_case_49 PASSED [ 7%]
tests/test_module_10.py::test_case_50 PASSED [ 7%]
tests/test_module_11.py::test_case_51 PASSED [ 7%]
tests/test_module_12.py::test_case_52 PASSED [ 8%]
tests/test_module_13.py::test_case_53 PASSED [ 8%]
tests/test_module_14.py::test_case_54 PASSED [ 8%]
tests/test_module_15.py::test_case_55 PASSED [ 8%]
tests/test_module_16.py::test_case_56 PASSED [ 8%]
tests/test_module_17.py::test_case_57 PASSED [ 8%]
tests/test_module_18.py::test_case_58 PASSED [ 9%]
tests/test_module_19.py::test_case_59 PASSED [ 9%]
tests/test_module_0.py::test_case_60 PASSED [ 9%]
tests/test_module_1.py::test_case_61 PASSED [ 9%]
tests/test_module_2.py::test_case_62 PASSED [ 9%]
tests/test_module_3.py::test_case_63 PASSED [ 9%]
tests/test_module_4.py::test_case_64 PASSED [ 10%]
tests/test_module_5.py::test_case_65 PASSED [ 10%]
tests/test_module_6.py::test_case_66 PASSED [ 10%]
tests/test_module_7.py::test_case_67 PASSED [ 10%]
tests/test_module_8.py::test_case_68 PASSED [ 10%]
tests/test_module_9.py::test_case_69 PASSED [ 10%]
tests/test_module_10.py::test_case_70 PASSED [ 10%]
tests/test_module_11.py::test_case_71 PASSED [ 11%]
tests/test_module_12.py::test_case_72 PASSED [ 11%]
tests/test_module_13.py::test_case_73 PASSED [ 11%]
tests/test_module_14.py::test_case_74 PASSED [ 11%]
tests/test_module_15.py::test_case_75 PASSED [ 11%]
tests/test_module_16.py::test_case_76 PASSED [ 11%]
tests/test_module_17.py::test_case_77 PASSED [ 12%]
tests/test_module_18.py::test_case_78 PASSED [ 12%]
tests/test_module_19.py::test_case_79 PASSED [ 12%]
tests/test_module_0.py::test_case_80 PASSED [ 12%]
tests/test_module_1.py::test_case_81 PASSED [ 12%]
tests/test_module_2.py::test_case_82 PASSED [ 12%]
tests/test_module_3.py::test_case_83 PASSED [ 12%]
tests/test_module_4.py::test_case_84 PASSED [ 13%]
tests/test_module_5.py::test_case_85 PASSED [ 13%]
tests/test_module_6.py::test_case_86 PASSED [ 13%]
tests/test_module_7.py::test_case_87 PASSED [ 13%]
tests/test_module_8.py::test_case_88 PASSED [ 13%]
tests/test_module_9.py::test_case_89 PASSED [ 13%]
tests/test_module_10.py::test_case_90 PASSED [ 14%]
tests/test_module_11.py::test_case_91 PASSED [ 14%]
tests/test_module_12.py::test_case_92 PASSED [ 14%]
tests/test_module_13.py::test_case_93 PASSED [ 14%]
tests/test_module_14.py::test_case_94 PASSED [ 14%]
tests/test_module_15.py::test_case_95 PASSED [ 14%]
tests/test_module_16.py::test_case_96 PASSED [ 15%]
tests/test_module_17.py::test_case_97 PASSED [ 15%]
tests/test_module_18.py::test_case_98 PASSED [ 15%]
tests/test_module_19.py::test_case_99 PASSED [ 15%]
tests/test_module_0.py::test_case_100 PASSED [ 15%]
tests/test_module_1.py::test_case_101 PASSED [ 15%]
tests/test_module_2.py::test_case_102 PASSED [ 15%]
tests/test_module_3.py::test_case_103 PASSED [ 16%]
tests/test_module_4.py::test_case_104 PASSED [ 16%]
tests/test_module_5.py::test_case_105 PASSED [ 16%]
tests/test_module_6.py::test_case_106 PASSED [ 16%]
tests/test_module_7.py::test_case_107 PASSED [ 16%]
tests/test_module_8.py::test_case_108 PASSED [ 16%]
tests/test_module_9.py::test_case_109 PASSED [ 17%]
tests/test_module_10.py::test_case_110 PASSED [ 17%]
tests/test_module_11.py::test_case_111 PASSED [ 17%]
tests/test_module_12.py::test_case_112 PASSED [ 17%]
tests/test_module_13.py::test_case_113 PASSED [ 17%]
tests/test_module_14.py::test_case_114 PASSED [ 17%]
tests/test_module_15.py::test_case_115 PASSED [ 17%]
tests/test_module_16.py::test_case_116 PASSED [ 18%]
tests/test_module_17.py::test_case_117 PASSED [ 18%]
tests/test_module_18.py::test_case_118 PASSED [ 18%]
tests/test_module_19.py::test_case_119 PASSED [ 18%]
tests/test_module_0.py::test_case_120 PASSED [ 18%]
tests/test_module_1.py::test_case_121 PASSED [ 18%]
tests/test_module_2.py::test_case_122 PASSED [ 19%]
tests/test_module_3.py::test_case_123 PASSED [ 19%]
tests/test_module_4.py::test_case_124 PASSED [ 19%]
tests/test_module_5.py::test_case_125 PASSED [ 19%]
tests/test_module_6.py::test_case_126 PASSED [ 19%]
tests/test_module_7.py::test_case_127 PASSED [ 19%]
tests/test_module_8.py::test_case_128 PASSED [ 20%]
tests/test_module_9.py::test_case_129 PASSED [ 20%]
tests/test_module_10.py::test_case_130 PASSED [ 20%]
tests/test_module_11.py::test_case_131 PASSED [ 20%]
tests/test_module_12.py::test_case_132 PASSED [ 20%]
tests/test_module_13.py::test_case_133 PASSED [ 20%]
tests/test_module_14.py::test_case_134 PASSED [ 20%]
tests/test_module_15.py::test_case_135 PASSED [ 21%]
tests/test_module_16.py::test_case_136 PASSED [ 21%]
tests/test_module_17.py::test_case_137 PASSED [ 21%]
tests/test_module_18.py::test_case_138 PASSED [ 21%]
tests/test_module_19.py::test_case_139 PASSED [ 21%]
tests/test_module_0.py::test_case_140 PASSED [ 21%]
tests/test_module_1.py::test_case_141 PASSED [ 22%]
tests/test_module_2.py::test_case_142 PASSED [ 22%]
tests/test_module_3.py::test_case_143 PASSED [ 22%]
tests/test_module_4.py::test_case_144 PASSED [ 22%]
tests/test_module_5.py::test_case_145 PASSED [ 22%]
tests/test_module_6.py::test_case_146 PASSED [ 22%]
tests/test_module_7.py::test_case_147 PASSED [ 22%]
tests/test_module_8.py::test_case_148 PASSED [ 23%]
tests/test_module_9.py::test_case_149 PASSED [ 23%]
tests/test_module_10.py::test_case_150 PASSED [ 23%]
tests/test_module_11.py::test_case_151 PASSED [ 23%]
tests/test_module_12.py::test_case_152 PASSED [ 23%]
tests/test_module_13.py::test_case_153 PASSED [ 23%]
tests/test_module_14.py::test_case_154 PASSED [ 24%]
tests/test_module_15.py::test_case_155 PASSED [ 24%]
tests/test_module_16.py::test_case_156 PASSED [ 24%]
tests/test_module_17.py::test_case_157 PASSED [ 24%]
tests/test_module_18.py::test_case_158 PASSED [ 24%]
tests/test_module_19.py::test_case_159 PASSED [ 24%]
tests/test_module_0.py::test_case_160 PASSED [ 25%]
tests/test_module_1.py::test_case_161 PASSED [ 25%]
tests/test_module_2.py::test_case_162 PASSED [ 25%]
tests/test_module_3.py::test_case_163 PASSED [ 25%]
tests/test_module_4.py::test_case_164 PASSED [ 25%]
tests/test_module_5.py::test_case_165 PASSED [ 25%]
tests/test_module_6.py::test_case_166 PASSED [ 25%]
tests/test_module_7.py::test_case_167 PASSED [ 26%]
tests/test_module_8.py::test_case_168 PASSED [ 26%]
tests/test_module_9.py::test_case_169 PASSED [ 26%]
tests/test_module_10.py::test_case_170 PASSED [ 26%]
tests/test_module_11.py::test_case_171 PASSED [ 26%]
tests/test_module_12.py::test_case_172 PASSED [ 26%]
tests/test_module_13.py::test_case_173 PASSED [ 27%]
tests/test_module_14.py::test_case_174 PASSED [ 27%]
tests/test_module_15.py::test_case_175 PASSED [ 27%]
tests/test_module_16.py::test_case_176 PASSED [ 27%]
tests/test_module_17.py::test_case_177 PASSED [ 27%]
tests/test_module_18.py::test_case_178 PASSED [ 27%]
tests/test_module_19.py::test_case_179 PASSED [ 27%]
tests/test_module_0.py::test_case_180 PASSED [ 28%]
tests/test_module_1.py::test_case_181 PASSED [ 28%]
tests/test_module_2.py::test_case_182 PASSED [ 28%]
tests/test_module_3.py::test_case_183 PASSED [ 28%]
tests/test_module_4.py::test_case_184 PASSED [ 28%]
tests/test_module_5.py::test_case_185 PASSED [ 28%]
tests/test_module_6.py::test_case_186 PASSED [ 29%]
tests/test_module_7.py::test_case_187 PASSED [ 29%]
tests/test_module_8.py::test_case_188 PASSED [ 29%]
tests/test_module_9.py::test_case_189 PASSED [ 29%]
tests/test_module_10.py::test_case_190 PASSED [ 29%]
tests/test_module_11.py::test_case_191 PASSED [ 29%]
tests/test_module_12.py::test_case_192 PASSED [ 30%]
tests/test_module_13.py::test_case_193 PASSED [ 30%]
tests/test_module_14.py::test_case_194 PASSED [ 30%]
tests/test_module_15.py::test_case_195 PASSED [ 30%]
tests/test_module_16.py::test_case_196 PASSED [ 30%]
tests/test_module_17.py::test_case_197 PASSED [ 30%]
tests/test_module_18.py::test_case_198 PASSED [ 30%]
tests/test_module_19.py::test_case_199 PASSED [ 31%]
tests/test_module_0.py::test_case_200 PASSED [ 31%]
tests/test_module_1.py::test_case_201 PASSED [ 31%]
tests/test_module_2.py::test_case_202 PASSED [ 31%]
tests/test_module_3.py::test_case_203 PASSED [ 31%]
tests/test_module_4.py::test_case_204 PASSED [ 31%]
tests/test_module_5.py::test_case_205 PASSED [ 32%]
tests/test_module_6.py::test_case_206 PASSED [ 32%]
tests/test_module_7.py::test_case_207 PASSED [ 32%]
tests/test_module_8.py::test_case_208 PASSED [ 32%]
tests/test_module_9.py::test_case_209 PASSED [ 32%]
tests/test_module_10.py::test_case_210 PASSED [ 32%]
tests/test_module_11.py::test_case_211 PASSED [ 32%]
tests/test_module_12.py::test_case_212 PASSED [ 33%]
tests/test_module_13.py::test_case_213 PASSED [ 33%]
tests/test_module_14.py::test_case_214 PASSED [ 33%]
tests/test_module_15.py::test_case_215 PASSED [ 33%]
tests/test_module_16.py::test_case_216 PASSED [ 33%]
tests/test_module_17.py::test_case_217 PASSED [ 33%]
tests/test_module_18.py::test_case_218 PASSED [ 34%]
tests/test_module_19.py::test_case_219 PASSED [ 34%]
tests/test_module_0.py::test_case_220 PASSED [ 34%]
tests/test_module_1.py::test_case_221 PASSED [ 34%]
tests/test_module_2.py::test_case_222 PASSED [ 34%]
tests/test_module_3.py::test_case_223 PASSED [ 34%]
tests/test_module_4.py::test_case_224 PASSED [ 35%]
tests/test_module_5.py::test_case_225 PASSED [ 35%]
tests/test_module_6.py::test_case_226 PASSED [ 35%]
tests/test_module_7.py::test_case_227 PASSED [ 35%]
tests/test_module_8.py::test_case_228 PASSED [ 35%]
tests/test_module_9.py::test_case_229 PASSED [ 35%]
tests/test_module_10.py::test_case_230 PASSED [ 35%]
tests/test_module_11.py::test_case_231 PASSED [ 36%]
tests/test_module_12.py::test_case_232 PASSED [ 36%]
tests/test_module_13.py::test_case_233 PASSED [ 36%]
tests/test_module_14.py::test_case_234 PASSED [ 36%]
tests/test_module_15.py::test_case_235 PASSED [ 36%]
tests/test_module_16.py::test_case_236 PASSED [ 36%]
tests/test_module_17.py::test_case_237 PASSED [ 37%]
tests/test_module_18.py::test_case_238 PASSED [ 37%]
tests/test_module_19.py::test_case_239 PASSED [ 37%]
tests/test_module_0.py::test_case_240 PASSED [ 37%]
tests/test_module_1.py::test_case_241 PASSED [ 37%]
tests/test_module_2.py::test_case_242 PASSED [ 37%]
tests/test_module_3.py::test_case_243 PASSED [ 37%]
tests/test_module_4.py::test_case_244 PASSED [ 38%]
tests/test_module_5.py::test_case_245 PASSED [ 38%]
tests/test_module_6.py::test_case_246 PASSED [ 38%]
tests/test_module_7.py::test_case_247 PASSED [ 38%]
tests/test_module_8.py::test_case_248 PASSED [ 38%]
tests/test_module_9.py::test_case_249 PASSED [ 38%]
tests/test_module_10.py::test_case_250 PASSED [ 39%]
tests/test_module_11.py::test_case_251 PASSED [ 39%]
tests/test_module_12.py::test_case_252 PASSED [ 39%]
tests/test_module_13.py::test_case_253 PASSED [ 39%]
tests/test_module_14.py::test_case_254 PASSED [ 39%]
tests/test_module_15.py::test_case_255 PASSED [ 39%]
tests/test_module_16.py::test_case_256 PASSED [ 40%]
tests/test_module_17.py::test_case_257 PASSED [ 40%]
tests/test_module_18.py::test_case_258 PASSED [ 40%]
tests/test_module_19.py::test_case_259 PASSED [ 40%]
tests/test_module_0.py::test_case_260 PASSED [ 40%]
tests/test_module_1.py::test_case_261 PASSED [ 40%]
tests/test_module_2.py::test_case_262 PASSED [ 40%]
tests/test_module_3.py::test_case_263 PASSED [ 41%]
tests/test_module_4.py::test_case_264 PASSED [ 41%]
tests/test_module_5.py::test_case_265 PASSED [ 41%]
tests/test_module_6.py::test_case_266 PASSED [ 41%]
tests/test_module_7.py::test_case_267 PASSED [ 41%]
tests/test_module_8.py::test_case_268 PASSED [ 41%]
tests/test_module_9.py::test_case_269 PASSED [ 42%]
tests/test_module_10.py::test_case_270 PASSED [ 42%]
tests/test_module_11.py::test_case_271 PASSED [ 42%]
tests/test_module_12.py::test_case_272 PASSED [ 42%]
tests/test_module_13.py::test_case_273 PASSED [ 42%]
tests/test_module_14.py::test_case_274 PASSED [ 42%]
tests/test_module_15.py::test_case_275 PASSED [ 42%]
tests/test_module_16.py::test_case_276 PASSED [ 43%]
tests/test_module_17.py::test_case_277 PASSED [ 43%]
tests/test_module_18.py::test_case_278 PASSED [ 43%]
tests/test_module_19.py::test_case_279 PASSED [ 43%]
tests/test_sync.py::test_rebase_conflict FAILED [ 44%]
=================================== FAILURES ===================================
____________________________ test_rebase_conflict _____________________________
    def test_rebase_conflict(tmp_path):
>       assert sync(tmp_path).status == 'clean'
E       AssertionError: assert 'conflict' == 'clean'
E         - clean
E         + conflict
tests/test_sync.py:88: AssertionError
tests/test_module_0.py::test_case_280 PASSED [ 43%]
tests/test_module_1.py::test_case_281 PASSED [ 43%]
tests/test_module_2.py::test_case_282 PASSED [ 44%]
tests/test_module_3.py::test_case_283 PASSED [ 44%]
tests/test_module_4.py::test_case_284 PASSED [ 44%]
tests/test_module_5.py::test_case_285 PASSED [ 44%]
tests/test_module_6.py::test_case_286 PASSED [ 44%]
tests/test_module_7.py::test_case_287 PASSED [ 44%]
tests/test_module_8.py::test_case_288 PASSED [ 45%]
tests/test_module_9.py::test_case_289 PASSED [ 45%]
tests/test_module_10.py::test_case_290 PASSED [ 45%]
tests/test_module_11.py::test_case_291 PASSED [ 45%]
tests/test_module_12.py::test_case_292 PASSED [ 45%]
tests/test_module_13.py::test_case_293 PASSED [ 45%]
tests/test_module_14.py::test_case_294 PASSED [ 45%]
tests/test_module_15.py::test_case_295 PASSED [ 46%]
tests/test_module_16.py::test_case_296 PASSED [ 46%]
tests/test_module_17.py::test_case_297 PASSED [ 46%]
tests/test_module_18.py::test_case_298 PASSED [ 46%]
tests/test_module_19.py::test_case_299 PASSED [ 46%]
tests/test_module_0.py::test_case_300 PASSED [ 46%]
tests/test_module_1.py::test_case_301 PASSED [ 47%]
tests/test_module_2.py::test_case_302 PASSED [ 47%]
tests/test_module_3.py::test_case_303 PASSED [ 47%]
tests/test_module_4.py::test_case_304 PASSED [ 47%]
tests/test_module_5.py::test_case_305 PASSED [ 47%]
tests/test_module_6.py::test_case_306 PASSED [ 47%]
tests/test_module_7.py::test_case_307 PASSED [ 47%]
tests/test_module_8.py::test_case_308 PASSED [ 48%]
tests/test_module_9.py::test_case_309 PASSED [ 48%]
tests/test_module_10.py::test_case_310 PASSED [ 48%]
tests/test_module_11.py::test_case_311 PASSED [ 48%]
tests/test_module_12.py::test_case_312 PASSED [ 48%]
tests/test_module_13.py::test_case_313 PASSED [ 48%]
tests/test_module_14.py::test_case_314 PASSED [ 49%]
tests/test_module_15.py::test_case_315 PASSED [ 49%]
tests/test_module_16.py::test_case_316 PASSED [ 49%]
tests/test_module_17.py::test_case_317 PASSED [ 49%]
tests/test_module_18.py::test_case_318 PASSED [ 49%]
tests/test_module_19.py::test_case_319 PASSED [ 49%]
tests/test_module_0.py::test_case_320 PASSED [ 50%]
tests/test_module_1.py::test_case_321 PASSED [ 50%]
tests/test_module_2.py::test_case_322 PASSED [ 50%]
tests/test_module_3.py::test_case_323 PASSED [ 50%]
tests/test_module_4.py::test_case_324 PASSED [ 50%]
tests/test_module_5.py::test_case_325 PASSED [ 50%]
tests/test_module_6.py::test_case_326 PASSED [ 50%]
tests/test_module_7.py::test_case_327 PASSED [ 51%]
tests/test_module_8.py::test_case_328 PASSED [ 51%]
tests/test_module_9.py::test_case_329 PASSED [ 51%]
tests/test_module_10.py::test_case_330 PASSED [ 51%]
tests/test_module_11.py::test_case_331 PASSED [ 51%]
tests/test_module_12.py::test_case_332 PASSED [ 51%]
tests/test_module_13.py::test_case_333 PASSED [ 52%]
tests/test_module_14.py::test_case_334 PASSED [ 52%]
tests/test_module_15.py::test_case_335 PASSED [ 52%]
tests/test_module_16.py::test_case_336 PASSED [ 52%]
tests/test_module_17.py::test_case_337 PASSED [ 52%]
tests/test_module_18.py::test_case_338 PASSED [ 52%]
tests/test_module_19.py::test_case_339 PASSED [ 52%]
tests/test_module_0.py::test_case_340 PASSED [ 53%]
tests/test_module_1.py::test_case_341 PASSED [ 53%]
tests/test_module_2.py::test_case_342 PASSED [ 53%]
tests/test_module_3.py::test_case_343 PASSED [ 53%]
tests/test_module_4.py::test_case_344 PASSED [ 53%]
tests/test_module_5.py::test_case_345 PASSED [ 53%]
tests/test_module_6.py::test_case_346 PASSED [ 54%]
tests/test_module_7.py::test_case_347 PASSED [ 54%]
tests/test_module_8.py::test_case_348 PASSED [ 54%]
tests/test_module_9.py::test_case_349 PASSED [ 54%]
tests/test_module_10.py::test_case_350 PASSED [ 54%]
tests/test_module_11.py::test_case_351 PASSED [ 54%]
tests/test_module_12.py::test_case_352 PASSED [ 55%]
tests/test_module_13.py::test_case_353 PASSED [ 55%]
tests/test_module_14.py::test_case_354 PASSED [ 55%]
tests/test_module_15.py::test_case_355 PASSED [ 55%]
tests/test_module_16.py::test_case_356 PASSED [ 55%]
tests/test_module_17.py::test_case_357 PASSED [ 55%]
tests/test_module_18.py::test_case_358 PASSED [ 55%]
tests/test_module_19.py::test_case_359 PASSED [ 56%]
tests/test_module_0.py::test_case_360 PASSED [ 56%]
tests/test_module_1.py::test_case_361 PASSED [ 56%]
tests/test_module_2.py::test_case_362 PASSED [ 56%]
tests/test_module_3.py::test_case_363 PASSED [ 56%]
tests/test_module_4.py::test_case_364 PASSED [ 56%]
tests/test_module_5.py::test_case_365 PASSED [ 57%]
tests/test_module_6.py::test_case_366 PASSED [ 57%]
tests/test_module_7.py::test_case_367 PASSED [ 57%]
tests/test_module_8.py::test_case_368 PASSED [ 57%]
tests/test_module_9.py::test_case_369 PASSED [ 57%]
tests/test_module_10.py::test_case_370 PASSED [ 57%]
tests/test_module_11.py::test_case_371 PASSED [ 57%]
tests/test_module_12.py::test_case_372 PASSED [ 58%]
tests/test_module_13.py::test_case_373 PASSED [ 58%]
tests/test_module_14.py::test_case_374 PASSED [ 58%]
tests/test_module_15.py::test_case_375 PASSED [ 58%]
tests/test_module_16.py::test_case_376 PASSED [ 58%]
tests/test_module_17.py::test_case_377 PASSED [ 58%]
tests/test_module_18.py::test_case_378 PASSED [ 59%]
tests/test_module_19.py::test_case_379 PASSED [ 59%]
tests/test_module_0.py::test_case_380 PASSED [ 59%]
tests/test_module_1.py::test_case_381 PASSED [ 59%]
tests/test_module_2.py::test_case_382 PASSED [ 59%]
tests/test_module_3.py::test_case_383 PASSED [ 59%]
tests/test_module_4.py::test_case_384 PASSED [ 60%]
tests/test_module_5.py::test_case_385 PASSED [ 60%]
tests/test_module_6.py::test_case_386 PASSED [ 60%]
tests/test_module_7.py::test_case_387 PASSED [ 60%]
tests/test_module_8.py::test_case_388 PASSED [ 60%]
tests/test_module_9.py::test_case_389 PASSED [ 60%]
tests/test_module_10.py::test_case_390 PASSED [ 60%]
tests/test_module_11.py::test_case_391 PASSED [ 61%]
tests/test_module_12.py::test_case_392 PASSED [ 61%]
tests/test_module_13.py::test_case_393 PASSED [ 61%]
tests/test_module_14.py::test_case_394 PASSED [ 61%]
tests/test_module_15.py::test_case_395 PASSED [ 61%]
tests/test_module_16.py::test_case_396 PASSED [ 61%]
tests/test_module_17.py::test_case_397 PASSED [ 62%]
tests/test_module_18.py::test_case_398 PASSED [ 62%]
tests/test_module_19.py::test_case_399 PASSED [ 62%]
tests/test_module_0.py::test_case_400 PASSED [ 62%]
tests/test_module_1.py::test_case_401 PASSED [ 62%]
tests/test_module_2.py::test_case_402 PASSED [ 62%]
tests/test_module_3.py::test_case_403 PASSED [ 62%]
tests/test_module_4.py::test_case_404 PASSED [ 63%]
tests/test_module_5.py::test_case_405 PASSED [ 63%]
tests/test_module_6.py::test_case_406 PASSED [ 63%]
tests/test_module_7.py::test_case_407 PASSED [ 63%]
tests/test_module_8.py::test_case_408 PASSED [ 63%]
tests/test_module_9.py::test_case_409 PASSED [ 63%]
tests/test_module_10.py::test_case_410 PASSED [ 64%]
tests/test_module_11.py::test_case_411 PASSED [ 64%]
tests/test_module_12.py::test_case_412 PASSED [ 64%]
tests/test_module_13.py::test_case_413 PASSED [ 64%]
tests/test_module_14.py::test_case_414 PASSED [ 64%]
tests/test_module_15.py::test_case_415 PASSED [ 64%]
tests/test_module_16.py::test_case_416 PASSED [ 65%]
tests/test_module_17.py::test_case_417 PASSED [ 65%]
tests/test_module_18.py::test_case_418 PASSED [ 65%]
tests/test_module_19.py::test_case_419 PASSED [ 65%]
tests/test_module_0.py::test_case_420 PASSED [ 65%]
tests/test_module_1.py::test_case_421 PASSED [ 65%]
tests/test_module_2.py::test_case_422 PASSED [ 65%]
tests/test_module_3.py::test_case_423 PASSED [ 66%]
tests/test_module_4.py::test_case_424 PASSED [ 66%]
tests/test_module_5.py::test_case_425 PASSED [ 66%]
tests/test_module_6.py::test_case_426 PASSED [ 66%]
tests/test_module_7.py::test_case_427 PASSED [ 66%]
tests/test_module_8.py::test_case_428 PASSED [ 66%]
tests/test_module_9.py::test_case_429 PASSED [ 67%]
tests/test_module_10.py::test_case_430 PASSED [ 67%]
tests/test_module_11.py::test_case_431 PASSED [ 67%]
tests/test_module_12.py::test_case_432 PASSED [ 67%]
tests/test_module_13.py::test_case_433 PASSED [ 67%]
tests/test_module_14.py::test_case_434 PASSED [ 67%]
tests/test_module_15.py::test_case_435 PASSED [ 67%]
tests/test_module_16.py::test_case_436 PASSED [ 68%]
tests/test_module_17.py::test_case_437 PASSED [ 68%]
tests/test_module_18.py::test_case_438 PASSED [ 68%]
tests/test_module_19.py::test_case_439 PASSED [ 68%]
tests/test_module_0.py::test_case_440 PASSED [ 68%]
tests/test_module_1.py::test_case_441 PASSED [ 68%]
tests/test_module_2.py::test_case_442 PASSED [ 69%]
tests/test_module_3.py::test_case_443 PASSED [ 69%]
tests/test_module_4.py::test_case_444 PASSED [ 69%]
tests/test_module_5.py::test_case_445 PASSED [ 69%]
tests/test_module_6.py::test_case_446 PASSED [ 69%]
tests/test_module_7.py::test_case_447 PASSED [ 69%]
tests/test_module_8.py::test_case_448 PASSED [ 70%]
tests/test_module_9.py::test_case_449 PASSED [ 70%]
tests/test_module_10.py::test_case_450 PASSED [ 70%]
tests/test_module_11.py::test_case_451 PASSED [ 70%]
tests/test_module_12.py::test_case_452 PASSED [ 70%]
tests/test_module_13.py::test_case_453 PASSED [ 70%]
tests/test_module_14.py::test_case_454 PASSED [ 70%]
tests/test_module_15.py::test_case_455 PASSED [ 71%]
tests/test_module_16.py::test_case_456 PASSED [ 71%]
tests/test_module_17.py::test_case_457 PASSED [ 71%]
tests/test_module_18.py::test_case_458 PASSED [ 71%]
tests/test_module_19.py::test_case_459 PASSED [ 71%]
tests/test_module_0.py::test_case_460 PASSED [ 71%]
tests/test_module_1.py::test_case_461 PASSED [ 72%]
tests/test_module_2.py::test_case_462 PASSED [ 72%]
tests/test_module_3.py::test_case_463 PASSED [ 72%]
tests/test_module_4.py::test_case_464 PASSED [ 72%]
tests/test_module_5.py::test_case_465 PASSED [ 72%]
tests/test_module_6.py::test_case_466 PASSED [ 72%]
tests/test_module_7.py::test_case_467 PASSED [ 72%]
tests/test_module_8.py::test_case_468 PASSED [ 73%]
tests/test_module_9.py::test_case_469 PASSED [ 73%]
tests/test_module_10.py::test_case_470 PASSED [ 73%]
tests/test_module_11.py::test_case_471 PASSED [ 73%]
tests/test_module_12.py::test_case_472 PASSED [ 73%]
tests/test_module_13.py::test_case_473 PASSED [ 73%]
tests/test_module_14.py::test_case_474 PASSED [ 74%]
tests/test_module_15.py::test_case_475 PASSED [ 74%]
tests/test_module_16.py::test_case_476 PASSED [ 74%]
tests/test_module_17.py::test_case_477 PASSED [ 74%]
tests/test_module_18.py::test_case_478 PASSED [ 74%]
tests/test_module_19.py::test_case_479 PASSED [ 74%]
tests/test_module_0.py::test_case_480 PASSED [ 75%]
tests/test_module_1.py::test_case_481 PASSED [ 75%]
tests/test_module_2.py::test_case_482 PASSED [ 75%]
tests/test_module_3.py::test_case_483 PASSED [ 75%]
tests/test_module_4.py::test_case_484 PASSED [ 75%]
tests/test_module_5.py::test_case_485 PASSED [ 75%]
tests/test_module_6.py::test_case_486 PASSED [ 75%]
tests/test_module_7.py::test_case_487 PASSED [ 76%]
tests/test_module_8.py::test_case_488 PASSED [ 76%]
tests/test_module_9.py::test_case_489 PASSED [ 76%]
tests/test_module_10.py::test_case_490 PASSED [ 76%]
tests/test_module_11.py::test_case_491 PASSED [ 76%]
tests/test_module_12.py::test_case_492 PASSED [ 76%]
tests/test_module_13.py::test_case_493 PASSED [ 77%]
tests/test_module_14.py::test_case_494 PASSED [ 77%]
tests/test_module_15.py::test_case_495 PASSED [ 77%]
tests/test_module_16.py::test_case_496 PASSED [ 77%]
tests/test_module_17.py::test_case_497 PASSED [ 77%]
tests/test_module_18.py::test_case_498 PASSED [ 77%]
tests/test_module_19.py::test_case_499 PASSED [ 77%]
tests/test_module_0.py::test_case_500 PASSED [ 78%]
tests/test_module_1.py::test_case_501 PASSED [ 78%]
tests/test_module_2.py::test_case_502 PASSED [ 78%]
tests/test_module_3.py::test_case_503 PASSED [ 78%]
tests/test_module_4.py::test_case_504 PASSED [ 78%]
tests/test_module_5.py::test_case_505 PASSED [ 78%]
tests/test_module_6.py::test_case_506 PASSED [ 79%]
tests/test_module_7.py::test_case_507 PASSED [ 79%]
tests/test_module_8.py::test_case_508 PASSED [ 79%]
tests/test_module_9.py::test_case_509 PASSED [ 79%]
tests/test_module_10.py::test_case_510 PASSED [ 79%]
tests/test_module_11.py::test_case_511 PASSED [ 79%]
tests/test_module_12.py::test_case_512 PASSED [ 80%]
tests/test_module_13.py::test_case_513 PASSED [ 80%]
tests/test_module_14.py::test_case_514 PASSED [ 80%]
tests/test_module_15.py::test_case_515 PASSED [ 80%]
tests/test_module_16.py::test_case_516 PASSED [ 80%]
tests/test_module_17.py::test_case_517 PASSED [ 80%]
tests/test_module_18.py::test_case_518 PASSED [ 80%]
tests/test_module_19.py::test_case_519 PASSED [ 81%]
tests/test_module_0.py::test_case_520 PASSED [ 81%]
tests/test_module_1.py::test_case_521 PASSED [ 81%]
tests/test_module_2.py::test_case_522 PASSED [ 81%]
tests/test_module_3.py::test_case_523 PASSED [ 81%]
tests/test_module_4.py::test_case_524 PASSED [ 81%]
tests/test_module_5.py::test_case_525 PASSED [ 82%]
tests/test_module_6.py::test_case_526 PASSED [ 82%]
tests/test_module_7.py::test_case_527 PASSED [ 82%]
tests/test_module_8.py::test_case_528 PASSED [ 82%]
tests/test_module_9.py::test_case_529 PASSED [ 82%]
tests/test_module_10.py::test_case_530 PASSED [ 82%]
tests/test_module_11.py::test_case_531 PASSED [ 82%]
tests/test_module_12.py::test_case_532 PASSED [ 83%]
tests/test_module_13.py::test_case_533 PASSED [ 83%]
tests/test_module_14.py::test_case_534 PASSED [ 83%]
tests/test_module_15.py::test_case_535 PASSED [ 83%]
tests/test_module_16.py::test_case_536 PASSED [ 83%]
tests/test_module_17.py::test_case_537 PASSED [ 83%]
tests/test_module_18.py::test_case_538 PASSED [ 84%]
tests/test_module_19.py::test_case_539 PASSED [ 84%]
tests/test_module_0.py::test_case_540 PASSED [ 84%]
tests/test_module_1.py::test_case_541 PASSED [ 84%]
tests/test_module_2.py::test_case_542 PASSED [ 84%]
tests/test_module_3.py::test_case_543 PASSED [ 84%]
tests/test_module_4.py::test_case_544 PASSED [ 85%]
tests/test_module_5.py::test_case_545 PASSED [ 85%]
tests/test_module_6.py::test_case_546 PASSED [ 85%]
tests/test_module_7.py::test_case_547 PASSED [ 85%]
tests/test_module_8.py::test_case_548 PASSED [ 85%]
tests/test_module_9.py::test_case_549 PASSED [ 85%]
tests/test_module_10.py::test_case_550 PASSED [ 85%]
tests/test_module_11.py::test_case_551 PASSED [ 86%]
tests/test_module_12.py::test_case_552 PASSED [ 86%]
tests/test_module_13.py::test_case_553 PASSED [ 86%]
tests/test_module_14.py::test_case_554 PASSED [ 86%]
tests/test_module_15.py::test_case_555 PASSED [ 86%]
tests/test_module_16.py::test_case_556 PASSED [ 86%]
tests/test_module_17.py::test_case_557 PASSED [ 87%]
tests/test_module_18.py::test_case_558 PASSED [ 87%]
tests/test_module_19.py::test_case_559 PASSED [ 87%]
tests/test_module_0.py::test_case_560 PASSED [ 87%]
tests/test_module_1.py::test_case_561 PASSED [ 87%]
tests/test_module_2.py::test_case_562 PASSED [ 87%]
tests/test_module_3.py::test_case_563 PASSED [ 87%]
tests/test_module_4.py::test_case_564 PASSED [ 88%]
tests/test_module_5.py::test_case_565 PASSED [ 88%]
tests/test_module_6.py::test_case_566 PASSED [ 88%]
tests/test_module_7.py::test_case_567 PASSED [ 88%]
tests/test_module_8.py::test_case_568 PASSED [ 88%]
tests/test_module_9.py::test_case_569 PASSED [ 88%]
tests/test_module_10.py::test_case_570 PASSED [ 89%]
tests/test_module_11.py::test_case_571 PASSED [ 89%]
tests/test_module_12.py::test_case_572 PASSED [ 89%]
tests/test_module_13.py::test_case_573 PASSED [ 89%]
tests/test_module_14.py::test_case_574 PASSED [ 89%]
tests/test_module_15.py::test_case_575 PASSED [ 89%]
tests/test_module_16.py::test_case_576 PASSED [ 90%]
tests/test_module_17.py::test_case_577 PASSED [ 90%]
tests/test_module_18.py::test_case_578 PASSED [ 90%]
tests/test_module_19.py::test_case_579 PASSED [ 90%]
tests/test_module_0.py::test_case_580 PASSED [ 90%]
tests/test_module_1.py::test_case_581 PASSED [ 90%]
tests/test_module_2.py::test_case_582 PASSED [ 90%]
tests/test_module_3.py::test_case_583 PASSED [ 91%]
tests/test_module_4.py::test_case_584 PASSED [ 91%]
tests/test_module_5.py::test_case_585 PASSED [ 91%]
tests/test_module_6.py::test_case_586 PASSED [ 91%]
tests/test_module_7.py::test_case_587 PASSED [ 91%]
tests/test_module_8.py::test_case_588 PASSED [ 91%]
tests/test_module_9.py::test_case_589 PASSED [ 92%]
tests/test_module_10.py::test_case_590 PASSED [ 92%]
tests/test_module_11.py::test_case_591 PASSED [ 92%]
tests/test_module_12.py::test_case_592 PASSED [ 92%]
tests/test_module_13.py::test_case_593 PASSED [ 92%]
tests/test_module_14.py::test_case_594 PASSED [ 92%]
tests/test_module_15.py::test_case_595 PASSED [ 92%]
tests/test_module_16.py::test_case_596 PASSED [ 93%]
tests/test_module_17.py::test_case_597 PASSED [ 93%]
tests/test_module_18.py::test_case_598 PASSED [ 93%]
tests/test_module_19.py::test_case_599 PASSED [ 93%]
tests/test_module_0.py::test_case_600 PASSED [ 93%]
tests/test_module_1.py::test_case_601 PASSED [ 93%]
tests/test_module_2.py::test_case_602 PASSED [ 94%]
tests/test_module_3.py::test_case_603 PASSED [ 94%]
tests/test_module_4.py::test_case_604 PASSED [ 94%]
tests/test_module_5.py::test_case_605 PASSED [ 94%]
tests/test_module_6.py::test_case_606 PASSED [ 94%]
tests/test_module_7.py::test_case_607 PASSED [ 94%]
tests/test_module_8.py::test_case_608 PASSED [ 95%]
tests/test_module_9.py::test_case_609 PASSED [ 95%]
tests/test_module_10.py::test_case_610 PASSED [ 95%]
tests/test_module_11.py::test_case_611 PASSED [ 95%]
tests/test_module_12.py::test_case_612 PASSED [ 95%]
tests/test_module_13.py::test_case_613 PASSED [ 95%]
tests/test_module_14.py::test_case_614 PASSED [ 95%]
tests/test_module_15.py::test_case_615 PASSED [ 96%]
tests/test_module_16.py::test_case_616 PASSED [ 96%]
tests/test_module_17.py::test_case_617 PASSED [ 96%]
tests/test_module_18.py::test_case_618 PASSED [ 96%]
tests/test_module_19.py::test_case_619 PASSED [ 96%]
tests/test_module_0.py::test_case_620 PASSED [ 96%]
tests/test_module_1.py::test_case_621 PASSED [ 97%]
tests/test_module_2.py::test_case_622 PASSED [ 97%]
tests/test_module_3.py::test_case_623 PASSED [ 97%]
tests/test_module_4.py::test_case_624 PASSED [ 97%]
tests/test_module_5.py::test_case_625 PASSED [ 97%]
tests/test_module_6.py::test_case_626 PASSED [ 97%]
tests/test_module_7.py::test_case_627 PASSED [ 97%]
tests/test_module_8.py::test_case_628 PASSED [ 98%]
tests/test_module_9.py::test_case_629 PASSED [ 98%]
tests/test_module_10.py::test_case_630 PASSED [ 98%]
tests/test_module_11.py::test_case_631 PASSED [ 98%]
tests/test_module_12.py::test_case_632 PASSED [ 98%]
tests/test_module_13.py::test_case_633 PASSED [ 98%]
tests/test_module_14.py::test_case_634 PASSED [ 99%]
tests/test_module_15.py::test_case_635 PASSED [ 99%]
tests/test_module_16.py::test_case_636 PASSED [ 99%]
tests/test_module_17.py::test_case_637 PASSED [ 99%]
tests/test_module_18.py::test_case_638 PASSED [ 99%]
tests/test_module_19.py::test_case_639 PASSED [ 99%]
=========================== short test summary info ============================
FAILED tests/test_sync.py::test_rebase_conflict - AssertionError
========================= 1 failed, 639 passed in 41.03s =======================